<?xml version="1.0" encoding="UTF-8"?>
<!-- Generated by org.testng.reporters.JUnitXMLReporter -->
<testsuite hostname="Amar" name="Command line test eb930850-ae76-4cba-acb8-04642543421e" tests="1" failures="1" timestamp="2 Aug 2016 08:31:16 GMT" time="7.702" errors="0">
  <testcase name="testMovieList" time="7.687" classname="com.upgrad.testcases.MovieListTest">
    <failure type="java.lang.NoClassDefFoundError" message="com/google/common/net/MediaType">
      <![CDATA[java.lang.NoClassDefFoundError: com/google/common/net/MediaType
	at org.openqa.selenium.remote.http.JsonHttpCommandCodec.encode(JsonHttpCommandCodec.java:232)
	at org.openqa.selenium.remote.HttpCommandExecutor.execute(HttpCommandExecutor.java:139)
	at org.openqa.selenium.firefox.internal.NewProfileExtensionConnection.execute(NewProfileExtensionConnection.java:160)
	at org.openqa.selenium.firefox.FirefoxDriver$LazyCommandExecutor.execute(FirefoxDriver.java:380)
	at org.openqa.selenium.remote.RemoteWebDriver.execute(RemoteWebDriver.java:644)
	at org.openqa.selenium.remote.RemoteWebDriver.startSession(RemoteWebDriver.java:249)
	at org.openqa.selenium.remote.RemoteWebDriver.<init>(RemoteWebDriver.java:131)
	at org.openqa.selenium.firefox.FirefoxDriver.<init>(FirefoxDriver.java:216)
	at org.openqa.selenium.firefox.FirefoxDriver.<init>(FirefoxDriver.java:211)
	at org.openqa.selenium.firefox.FirefoxDriver.<init>(FirefoxDriver.java:207)
	at org.openqa.selenium.firefox.FirefoxDriver.<init>(FirefoxDriver.java:120)
	at com.upgrad.utilities.DriverManager.getFirefoxDriver(DriverManager.java:29)
	at com.upgrad.utilities.DriverManager.getDriver(DriverManager.java:19)
	at com.upgrad.testcases.MovieListTest.testMovieList(MovieListTest.java:19)
	at com.upgrad.framework.startup.Start.main(Start.java:68)
Caused by: java.lang.ClassNotFoundException: com.google.common.net.MediaType
	at java.net.URLClassLoader.findClass(URLClassLoader.java:381)
	at java.lang.ClassLoader.loadClass(ClassLoader.java:424)
	at sun.misc.Launcher$AppClassLoader.loadClass(Launcher.java:331)
	at java.lang.ClassLoader.loadClass(ClassLoader.java:357)
	... 36 more
... Removed 21 stack frames]]>
    </failure>
  </testcase> <!-- testMovieList -->
</testsuite> <!-- Command line test eb930850-ae76-4cba-acb8-04642543421e -->
