<?xml version="1.0" encoding="UTF-8"?>
<testng-results skipped="0" failed="0" total="1" passed="1">
  <reporter-output>
  </reporter-output>
  <suite name="UpGrad.imdbauto.TestClass" duration-ms="25" started-at="2016-08-03T09:25:22Z" finished-at="2016-08-03T09:25:22Z">
    <groups>
    </groups>
    <test name="Command line test" duration-ms="25" started-at="2016-08-03T09:25:22Z" finished-at="2016-08-03T09:25:22Z">
      <class name="UpGrad.imdbauto.TestClass">
        <test-method status="PASS" signature="testClass()[pri:0, instance:UpGrad.imdbauto.TestClass@96532d6]" name="testClass" duration-ms="9" started-at="2016-08-03T14:55:22Z" finished-at="2016-08-03T14:55:22Z">
          <reporter-output>
          </reporter-output>
        </test-method> <!-- testClass -->
      </class> <!-- UpGrad.imdbauto.TestClass -->
    </test> <!-- Command line test -->
  </suite> <!-- UpGrad.imdbauto.TestClass -->
</testng-results>
