<?xml version="1.0" encoding="UTF-8"?>
<testng-results skipped="0" failed="0" total="1" passed="1">
  <reporter-output>
  </reporter-output>
  <suite name="Default Suite" duration-ms="113178" started-at="2016-08-02T09:58:37Z" finished-at="2016-08-02T10:00:31Z">
    <groups>
    </groups>
    <test name="Command line test cbdb3630-94a4-4a0d-8563-6c5479d9c135" duration-ms="113178" started-at="2016-08-02T09:58:37Z" finished-at="2016-08-02T10:00:31Z">
      <class name="com.upgrad.testcases.MovieListTest">
        <test-method status="PASS" signature="TestMovieList(java.lang.reflect.Method)[pri:0, instance:com.upgrad.testcases.MovieListTest@2c34f934]" name="TestMovieList" duration-ms="113160" started-at="2016-08-02T15:28:37Z" finished-at="2016-08-02T15:30:31Z">
          <params>
            <param index="0">
              <value>
                <![CDATA[public void com.upgrad.testcases.MovieListTest.TestMovieList(java.lang.reflect.Method) throws java.lang.InterruptedException]]>
              </value>
            </param>
          </params>
          <reporter-output>
          </reporter-output>
        </test-method> <!-- TestMovieList -->
      </class> <!-- com.upgrad.testcases.MovieListTest -->
    </test> <!-- Command line test cbdb3630-94a4-4a0d-8563-6c5479d9c135 -->
  </suite> <!-- Default Suite -->
</testng-results>
